<?xml version="1.0" encoding="UTF-8"?>
<!-- Generated by org.testng.reporters.JUnitXMLReporter -->
<testsuite ignored="1" hostname="DESKTOP-0LAVF00" failures="0" tests="1" name="Default test" time="7.142" errors="0" timestamp="2022-11-20T10:43:55 PST">
  <testcase classname="variousConcepts.LoginTest_JUnit" name="loginTest" time="0.333"/>
  <testcase classname="variousConcepts.LoginTest_JUnit" name="negLoginTest" time="0.0">
    <ignored/>
  </testcase> <!-- negLoginTest -->
</testsuite> <!-- Default test -->
