<?xml version="1.0" encoding="UTF-8"?>
<testng-results ignored="1" total="2" passed="1" failed="0" skipped="0">
  <reporter-output>
  </reporter-output>
  <suite started-at="2022-11-20T10:43:48 PST" name="Default suite" finished-at="2022-11-20T10:43:55 PST" duration-ms="7142">
    <groups>
    </groups>
    <test started-at="2022-11-20T10:43:48 PST" name="Default test" finished-at="2022-11-20T10:43:55 PST" duration-ms="7142">
      <class name="variousConcepts.LoginTest_JUnit">
        <test-method is-config="true" signature="launchBrowser()[pri:0, instance:variousConcepts.LoginTest_JUnit@306e95ec]" started-at="2022-11-20T10:43:48 PST" name="launchBrowser" finished-at="2022-11-20T10:43:55 PST" duration-ms="6755" status="PASS">
          <reporter-output>
          </reporter-output>
        </test-method> <!-- launchBrowser -->
        <test-method signature="loginTest()[pri:0, instance:variousConcepts.LoginTest_JUnit@306e95ec]" started-at="2022-11-20T10:43:55 PST" name="loginTest" finished-at="2022-11-20T10:43:55 PST" duration-ms="333" status="PASS">
          <reporter-output>
          </reporter-output>
        </test-method> <!-- loginTest -->
      </class> <!-- variousConcepts.LoginTest_JUnit -->
    </test> <!-- Default test -->
  </suite> <!-- Default suite -->
</testng-results>
